已經開始建置於 2018/1/4 下午 11:35:08。
     1>節點 2 (build 目標) 上的專案 "C:\Users\Jeff\documents\visual studio 2010\Projects\BridgePlayer\BridgePlayer\BridgePlayer.vcxproj"。
     1>InitializeBuildStatus:
         由於指定了 "AlwaysCreate"，因此正在建立 "Debug\BridgePlayer.unsuccessfulbuild"。
       ClCompile:
         C:\Program Files (x86)\Microsoft Visual Studio 10.0\VC\bin\CL.exe /c /ZI /nologo /W3 /WX- /Od /Oy- /D WIN32 /D _DEBUG /D _CONSOLE /D _UNICODE /D UNICODE /Gm /EHsc /RTC1 /MDd /GS /fp:precise /Zc:wchar_t /Zc:forScope /Fo"Debug\\" /Fd"Debug\vc100.pdb" /Gd /TP /analyze- /errorReport:prompt BridgePlayer.cpp
         BridgePlayer.cpp
     1>c:\users\jeff\documents\visual studio 2010\projects\bridgeplayer\bridgeplayer\bridgeplayer.cpp(79): warning C4018: '<' : signed/unsigned 不相符
     1>c:\users\jeff\documents\visual studio 2010\projects\bridgeplayer\bridgeplayer\bridgeplayer.cpp(117): warning C4018: '<' : signed/unsigned 不相符
     1>c:\users\jeff\documents\visual studio 2010\projects\bridgeplayer\bridgeplayer\bridgeplayer.cpp(130): warning C4715: 'BridgePlayer::MySuits' : 不是所有控制路徑都傳回值
       ManifestResourceCompile:
         所有輸出都是最新的。
       Link:
         C:\Program Files (x86)\Microsoft Visual Studio 10.0\VC\bin\link.exe /ERRORREPORT:PROMPT /OUT:"C:\Users\Jeff\documents\visual studio 2010\Projects\BridgePlayer\Debug\BridgePlayer.exe" /INCREMENTAL /NOLOGO kernel32.lib user32.lib gdi32.lib winspool.lib comdlg32.lib advapi32.lib shell32.lib ole32.lib oleaut32.lib uuid.lib odbc32.lib odbccp32.lib /MANIFEST /ManifestFile:"Debug\BridgePlayer.exe.intermediate.manifest" /MANIFESTUAC:"level='asInvoker' uiAccess='false'" /DEBUG /PDB:"C:\Users\Jeff\documents\visual studio 2010\Projects\BridgePlayer\Debug\BridgePlayer.pdb" /SUBSYSTEM:CONSOLE /TLBID:1 /DYNAMICBASE /NXCOMPAT /IMPLIB:"C:\Users\Jeff\documents\visual studio 2010\Projects\BridgePlayer\Debug\BridgePlayer.lib" /MACHINE:X86 Debug\BridgePlayer.exe.embed.manifest.res
         Debug\BridgePlayer.obj
         Debug\test.obj
       Manifest:
         C:\Program Files (x86)\Microsoft SDKs\Windows\v7.0A\bin\mt.exe /nologo /verbose /out:"Debug\BridgePlayer.exe.embed.manifest" /manifest Debug\BridgePlayer.exe.intermediate.manifest
         所有輸出都是最新的。
       LinkEmbedManifest:
         所有輸出都是最新的。
         BridgePlayer.vcxproj -> C:\Users\Jeff\documents\visual studio 2010\Projects\BridgePlayer\Debug\BridgePlayer.exe
       FinalizeBuildStatus:
         正在刪除檔案 "Debug\BridgePlayer.unsuccessfulbuild"。
         正在變更時間戳記 "Debug\BridgePlayer.lastbuildstate"。
     1>專案 "C:\Users\Jeff\documents\visual studio 2010\Projects\BridgePlayer\BridgePlayer\BridgePlayer.vcxproj" (build 目標) 建置完成。

建置成功。

經過時間 00:00:01.81
