已經開始建置於 2018/1/4 下午 07:24:15。
     1>節點 2 (build 目標) 上的專案 "D:\OOPBridge\Server\Server\Server.vcxproj"。
     1>InitializeBuildStatus:
         由於指定了 "AlwaysCreate"，因此正在建立 "Release\Server.unsuccessfulbuild"。
       ClCompile:
         C:\Program Files (x86)\Microsoft Visual Studio 10.0\VC\bin\CL.exe /c /Zi /nologo /W3 /WX- /O2 /Oi /Oy- /GL /D WIN32 /D NDEBUG /D _CONSOLE /D _UNICODE /D UNICODE /Gm- /EHsc /MD /GS /Gy /fp:precise /Zc:wchar_t /Zc:forScope /Fo"Release\\" /Fd"Release\vc100.pdb" /Gd /TP /analyze- /errorReport:prompt Server.cpp TCPServer.cpp
         Server.cpp
         TCPServer.cpp
       Link:
         C:\Program Files (x86)\Microsoft Visual Studio 10.0\VC\bin\link.exe /ERRORREPORT:PROMPT /OUT:"D:\OOPBridge\Server\Release\Server.exe" /INCREMENTAL:NO /NOLOGO kernel32.lib user32.lib gdi32.lib winspool.lib comdlg32.lib advapi32.lib shell32.lib ole32.lib oleaut32.lib uuid.lib odbc32.lib odbccp32.lib /MANIFEST /ManifestFile:"Release\Server.exe.intermediate.manifest" /MANIFESTUAC:"level='asInvoker' uiAccess='false'" /DEBUG /PDB:"D:\OOPBridge\Server\Release\Server.pdb" /SUBSYSTEM:CONSOLE /OPT:REF /OPT:ICF /LTCG /TLBID:1 /DYNAMICBASE /NXCOMPAT /IMPLIB:"D:\OOPBridge\Server\Release\Server.lib" /MACHINE:X86 Release\Server.obj
         Release\TCPServer.obj
         pthreadVC2.lib
         正在產生程式碼
         已完成程式碼產生
         Server.vcxproj -> D:\OOPBridge\Server\Release\Server.exe
       Manifest:
         C:\Program Files (x86)\Microsoft SDKs\Windows\v7.0A\bin\mt.exe /nologo /verbose /outputresource:"D:\OOPBridge\Server\Release\Server.exe;#1" /manifest Release\Server.exe.intermediate.manifest
       FinalizeBuildStatus:
         正在刪除檔案 "Release\Server.unsuccessfulbuild"。
         正在變更時間戳記 "Release\Server.lastbuildstate"。
     1>專案 "D:\OOPBridge\Server\Server\Server.vcxproj" (build 目標) 建置完成。

建置成功。

經過時間 00:00:01.75
