已經開始建置於 2018/1/4 下午 03:00:08。
     1>節點 2 (build 目標) 上的專案 "C:\Users\Jeff\Documents\GitHub\OOPBridge\Client\Client\Client.vcxproj"。
     1>InitializeBuildStatus:
         由於指定了 "AlwaysCreate"，因此正在建立 "Debug\Client.unsuccessfulbuild"。
       ClCompile:
         C:\Program Files (x86)\Microsoft Visual Studio 10.0\VC\bin\CL.exe /c /ZI /nologo /W3 /WX- /Od /Oy- /D WIN32 /D _DEBUG /D _CONSOLE /D _UNICODE /D UNICODE /Gm /EHsc /RTC1 /MDd /GS /fp:precise /Zc:wchar_t /Zc:forScope /Fo"Debug\\" /Fd"Debug\vc100.pdb" /Gd /TP /analyze- /errorReport:prompt Client.cpp TCPClient.cpp
         TCPClient.cpp
         Client.cpp
         正在產生程式碼...
       ManifestResourceCompile:
         C:\Program Files (x86)\Microsoft SDKs\Windows\v7.0A\bin\rc.exe /nologo /fo"Debug\Client.exe.embed.manifest.res" Debug\Client_manifest.rc 
       Link:
         C:\Program Files (x86)\Microsoft Visual Studio 10.0\VC\bin\link.exe /ERRORREPORT:PROMPT /OUT:"C:\Users\Jeff\Documents\GitHub\OOPBridge\Client\Debug\Client.exe" /INCREMENTAL /NOLOGO kernel32.lib user32.lib gdi32.lib winspool.lib comdlg32.lib advapi32.lib shell32.lib ole32.lib oleaut32.lib uuid.lib odbc32.lib odbccp32.lib /MANIFEST /ManifestFile:"Debug\Client.exe.intermediate.manifest" /MANIFESTUAC:"level='asInvoker' uiAccess='false'" /DEBUG /PDB:"C:\Users\Jeff\Documents\GitHub\OOPBridge\Client\Debug\Client.pdb" /SUBSYSTEM:CONSOLE /TLBID:1 /DYNAMICBASE /NXCOMPAT /IMPLIB:"C:\Users\Jeff\Documents\GitHub\OOPBridge\Client\Debug\Client.lib" /MACHINE:X86 Debug\Client.exe.embed.manifest.res
         Debug\Client.obj
         Debug\TCPClient.obj
       Manifest:
         正在刪除檔案 "Debug\Client.exe.embed.manifest"。
         C:\Program Files (x86)\Microsoft SDKs\Windows\v7.0A\bin\mt.exe /nologo /verbose /out:"Debug\Client.exe.embed.manifest" /manifest Debug\Client.exe.intermediate.manifest
         C:\Program Files (x86)\Microsoft SDKs\Windows\v7.0A\bin\rc.exe /nologo /fo"Debug\Client.exe.embed.manifest.res" Debug\Client_manifest.rc 
       LinkEmbedManifest:
         C:\Program Files (x86)\Microsoft Visual Studio 10.0\VC\bin\link.exe /ERRORREPORT:PROMPT /OUT:"C:\Users\Jeff\Documents\GitHub\OOPBridge\Client\Debug\Client.exe" /INCREMENTAL /NOLOGO kernel32.lib user32.lib gdi32.lib winspool.lib comdlg32.lib advapi32.lib shell32.lib ole32.lib oleaut32.lib uuid.lib odbc32.lib odbccp32.lib /MANIFEST /ManifestFile:"Debug\Client.exe.intermediate.manifest" /MANIFESTUAC:"level='asInvoker' uiAccess='false'" /DEBUG /PDB:"C:\Users\Jeff\Documents\GitHub\OOPBridge\Client\Debug\Client.pdb" /SUBSYSTEM:CONSOLE /TLBID:1 /DYNAMICBASE /NXCOMPAT /IMPLIB:"C:\Users\Jeff\Documents\GitHub\OOPBridge\Client\Debug\Client.lib" /MACHINE:X86 Debug\Client.exe.embed.manifest.res
         Debug\Client.obj
         Debug\TCPClient.obj
         Client.vcxproj -> C:\Users\Jeff\Documents\GitHub\OOPBridge\Client\Debug\Client.exe
       FinalizeBuildStatus:
         正在刪除檔案 "Debug\Client.unsuccessfulbuild"。
         正在變更時間戳記 "Debug\Client.lastbuildstate"。
     1>專案 "C:\Users\Jeff\Documents\GitHub\OOPBridge\Client\Client\Client.vcxproj" (build 目標) 建置完成。

建置成功。

經過時間 00:00:12.80
