已經開始建置於 2018/1/4 下午 06:30:49。
     1>節點 2 (build 目標) 上的專案 "D:\OOPBridge\FileStream\FileStream\FileStream.vcxproj"。
     1>InitializeBuildStatus:
         由於指定了 "AlwaysCreate"，因此正在建立 "Debug\FileStream.unsuccessfulbuild"。
       ClCompile:
         C:\Program Files (x86)\Microsoft Visual Studio 10.0\VC\bin\CL.exe /c /ZI /nologo /W3 /WX- /Od /Oy- /D WIN32 /D _DEBUG /D _CONSOLE /D _UNICODE /D UNICODE /Gm /EHsc /RTC1 /MDd /GS /fp:precise /Zc:wchar_t /Zc:forScope /Fo"Debug\\" /Fd"Debug\vc100.pdb" /Gd /TP /analyze- /errorReport:prompt FileControl.cpp
         FileControl.cpp
       ManifestResourceCompile:
         所有輸出都是最新的。
       Link:
         C:\Program Files (x86)\Microsoft Visual Studio 10.0\VC\bin\link.exe /ERRORREPORT:PROMPT /OUT:"D:\OOPBridge\FileStream\Debug\FileStream.exe" /INCREMENTAL /NOLOGO kernel32.lib user32.lib gdi32.lib winspool.lib comdlg32.lib advapi32.lib shell32.lib ole32.lib oleaut32.lib uuid.lib odbc32.lib odbccp32.lib /MANIFEST /ManifestFile:"Debug\FileStream.exe.intermediate.manifest" /MANIFESTUAC:"level='asInvoker' uiAccess='false'" /DEBUG /PDB:"D:\OOPBridge\FileStream\Debug\FileStream.pdb" /SUBSYSTEM:CONSOLE /TLBID:1 /DYNAMICBASE /NXCOMPAT /IMPLIB:"D:\OOPBridge\FileStream\Debug\FileStream.lib" /MACHINE:X86 Debug\FileStream.exe.embed.manifest.res
         Debug\FileControl.obj
         Debug\FileStream.obj
       Manifest:
         C:\Program Files (x86)\Microsoft SDKs\Windows\v7.0A\bin\mt.exe /nologo /verbose /out:"Debug\FileStream.exe.embed.manifest" /manifest Debug\FileStream.exe.intermediate.manifest
         所有輸出都是最新的。
       LinkEmbedManifest:
         所有輸出都是最新的。
         FileStream.vcxproj -> D:\OOPBridge\FileStream\Debug\FileStream.exe
       FinalizeBuildStatus:
         正在刪除檔案 "Debug\FileStream.unsuccessfulbuild"。
         正在變更時間戳記 "Debug\FileStream.lastbuildstate"。
     1>專案 "D:\OOPBridge\FileStream\FileStream\FileStream.vcxproj" (build 目標) 建置完成。

建置成功。

經過時間 00:00:00.66
